env12ToR1#show interfaces status

Port      Description     Duplex Speed   Neg  Link   Flow  M  VLAN
                                              State  Ctrl
--------- --------------- ------ ------- ---- ------ ----- -- -------------------
Te1/0/1                   Full   10000   Off  Down   Off   A  1
Te1/0/2   Mgmt Host       Full   10000   Off  Up     Off   T  (1),2-4096
Te1/0/3                   Full   10000   Off  Down   Off   A  1
Te1/0/4                   Full   10000   Off  Down   Off   A  1
Te1/0/5   EQL Array       Full   10000   Off  Down   Off   A  16
Te1/0/6   EQL Array       Full   10000   Off  Down   Off   A  16
Te1/0/7                   Full   10000   Off  Down   Off   A  1
Te1/0/8                   Full   10000   Off  Down   Off   A  1
Te1/0/9                   Full   10000   Off  Up     Off   G  (25),1,29
Te1/0/10                  Full   10000   Off  Up     Off   A  1
Te1/0/11                  Full   10000   Off  Up     Off   A  1
Te1/0/12                  Full   10000   Off  Up     Off   A  1
Te1/0/13                  Full   10000   Off  Up     Off   G  (25),1,20,23-24,28
Te1/0/14                  Full   10000   Off  Up     Off   G  (25),1,20,23-24
Te1/0/15                  Full   10000   Off  Up     Off   G  (25),1,20,23-24
Te1/0/16                  Full   10000   Off  Up     Off   G  (25),1,20,23-24
Te1/0/17  H1RRD42 PO 11   Full   10000   Off  Up     Off   G  (1),16,18,20,
                                                              22-23,25,28
Te1/0/18  H1RRD42 PO 12   Full   10000   Off  Up     Off   G  (1),16,18,20,
                                                              22-23,25,28
Te1/0/19                  Full   10000   Off  Down   Off   A  1
Te1/0/20                  Full   10000   Off  Down   Off   G  (25),1,20,23-24,28
Te1/0/21                  Full   10000   Off  Down   Off   A  1
Te1/0/22                  Full   10000   Off  Down   Off   A  1
Te1/0/23                  Full   10000   Off  Down   Off   A  1
Te1/0/24                  Full   10000   Off  Down   Off   A  1
Te1/0/25                  Full   10000   Off  Up     Off   G  (25),1,20,23,28
Te1/0/26                  Full   10000   Off  Up     Off   A  1
Te1/0/27                  Full   10000   Off  Down   Off   A  1
Te1/0/28                  Full   10000   Off  Down   Off   A  1
Te1/0/29                  Full   10000   Off  Up     Off   G  (18),1,20,22-24,28
Te1/0/30                  Full   10000   Off  Down   Off   A  1
Te1/0/31                  Full   10000   Off  Down   Off   G  (25),1,20,23-24,29
Te1/0/32                  Full   10000   Off  Down   Off   A  1
Te1/0/33                  Full   10000   Off  Up     Off   G  (18),1,16,20,23,
                                                              25,28
Te1/0/34                  Full   10000   Off  Down   Off   G  (25),1,16,20,23,28
Te1/0/35                  Full   10000   Off  Down   Off   G  (25),1,16,20,23,28
Te1/0/36                  Full   10000   Off  Down   Off   G  (25),1,16,20,23,28
Te1/0/37                  Full   10000   Off  Down   Off   A  1
Te1/0/38                  Full   10000   Off  Down   Off   A  1
Te1/0/39                  Full   10000   Off  Down   Off   G  (25),20,23,28
Te1/0/40                  Full   10000   Off  Down   Off   A  1
Te1/0/41                  Full   10000   Off  Down   Off   A  1
Te1/0/42                  Full   10000   Off  Down   Off   A  1
Te1/0/43                  Full   10000   Off  Down   Off   A  1
Te1/0/44                  Full   10000   Off  Down   Off   A  1
Te1/0/45                  Full   10000   Off  Down   Off   A  1
Te1/0/46                  Full   10000   Off  Down   Off   A  1
Te1/0/47                  Full   10000   Off  Down   Off   A  1
Te1/0/48  MLAG-Partner-li Full   10000   Off  Up     Off   T  (1),2-15,17-4093
Fo1/0/1   MLAG-Peer-Link  Full   40000   Auto Up     Off   T  (1),2-4096
Fo1/0/2                   Full   40000   Off  Down   Off   A  1
Te1/0/49                  N/A    N/A     N/A  Detach N/A
Te1/0/50                  N/A    N/A     N/A  Detach N/A
Te1/0/51                  N/A    N/A     N/A  Detach N/A
Te1/0/52                  N/A    N/A     N/A  Detach N/A
Te1/0/53                  N/A    N/A     N/A  Detach N/A
Te1/0/54                  N/A    N/A     N/A  Detach N/A
Te1/0/55                  N/A    N/A     N/A  Detach N/A
Te1/0/56                  N/A    N/A     N/A  Detach N/A

