System Description: Dell Ethernet Switch
System Up Time: 0 days, 00h:23m:11s
System Contact:
System Name: AS50TestSystem1
System Location:
Burned In MAC Address: D067.E5CF.F586
System Object ID: 1.3.6.1.4.1.674.10895.3034
System Model ID: PCT7024
Machine Type: PowerConnect 7024
Temperature Sensors:

Unit     Description       Temperature    Status
                            (Celsius)
----     -----------       -----------    ------
1        MAC               43             Good
1        PHY               40             Good

Fans:

Unit     Description    Status
----     -----------    ------
 1       Fan 1          OK
 1       Fan 2          OK
 1       Fan 3          OK

Power Supplies:

Unit  Description    Status     Average     Current          Since
                                 Power       Power         Date/Time
                                (Watts)     (Watts)
----  -----------  -----------  ----------  --------  -------------------
1     System       OK           57.6        57.9
1     Internal     OK           N/A         N/A       01/17/2014 15:45:09
1     Redundant    Not present

USB Port Power Status:
----------------------
Device Not Present

AS50TestSystem1#
